<?xml version="1.0" encoding="UTF-8"?>
<!-- Generated by org.testng.reporters.JUnitReportReporter -->
<testsuite skipped="0" hostname="LAPTOP-8C6NQOAP" name="com.crm.qa.testcases.HomePageTest" tests="1" failures="0" timestamp="03 Jul 2022 16:30:15 GMT" time="6.995" errors="0">
  <testcase name="homePageTitleTest" time="6.995" classname="com.crm.qa.testcases.HomePageTest"/>
</testsuite> <!-- com.crm.qa.testcases.HomePageTest -->
