<?xml version="1.0" encoding="UTF-8"?>
<!-- Generated by org.testng.reporters.JUnitReportReporter -->
<testsuite skipped="0" hostname="LAPTOP-8C6NQOAP" name="com.crm.qa.testcases.LoginPageTest" tests="3" failures="0" timestamp="03 Jul 2022 16:30:15 GMT" time="14.074" errors="0">
  <testcase name="loginPageTitleTest" time="4.629" classname="com.crm.qa.testcases.LoginPageTest"/>
  <testcase name="imageTest" time="4.564" classname="com.crm.qa.testcases.LoginPageTest"/>
  <testcase name="loginTest" time="4.881" classname="com.crm.qa.testcases.LoginPageTest"/>
</testsuite> <!-- com.crm.qa.testcases.LoginPageTest -->
