<?xml version="1.0" encoding="UTF-8"?>
<!-- Generated by org.testng.reporters.JUnitReportReporter -->
<testsuite skipped="0" hostname="LAPTOP-8C6NQOAP" name="com.crm.qa.testcases.LoginPageTest" tests="3" failures="0" timestamp="03 Jul 2022 18:04:21 GMT" time="9.223" errors="0">
  <testcase name="loginPageTitleTest" time="3.155" classname="com.crm.qa.testcases.LoginPageTest"/>
  <testcase name="imageTest" time="2.721" classname="com.crm.qa.testcases.LoginPageTest"/>
  <testcase name="loginTest" time="3.347" classname="com.crm.qa.testcases.LoginPageTest"/>
</testsuite> <!-- com.crm.qa.testcases.LoginPageTest -->
