<?xml version="1.0" encoding="UTF-8"?>
<!-- Generated by org.testng.reporters.JUnitReportReporter -->
<testsuite skipped="0" hostname="LAPTOP-8C6NQOAP" name="com.crm.qa.testcases.HomePageTest" tests="1" failures="0" timestamp="03 Jul 2022 18:04:21 GMT" time="5.120" errors="0">
  <testcase name="homePageTitleTest" time="5.120" classname="com.crm.qa.testcases.HomePageTest"/>
</testsuite> <!-- com.crm.qa.testcases.HomePageTest -->
